<?xml version="1.0" encoding="UTF-8"?>
<!-- Generated by org.testng.reporters.JUnitXMLReporter -->
<testsuite hostname="PC-20160328ZRYD" ignored="0" name="interface" tests="14" failures="0" timestamp="29 九月 2018 12:03:54 GMT" time="1.218" errors="0">
  <testcase name="f" time="0.136" classname="com.testapi.casev.Testapi"/>
  <testcase name="f" time="0.043" classname="com.testapi.casev.Testapi"/>
  <testcase name="f" time="0.016" classname="com.testapi.casev.Testapi"/>
  <testcase name="f" time="0.016" classname="com.testapi.casev.Testapi"/>
  <testcase name="f" time="0.015" classname="com.testapi.casev.Testapi"/>
  <testcase name="f" time="0.08" classname="com.testapi.casev.Testapi"/>
  <testcase name="f" time="0.034" classname="com.testapi.casev.Testapi"/>
  <testcase name="f" time="0.026" classname="com.testapi.casev.Testapi"/>
  <testcase name="f" time="0.017" classname="com.testapi.casev.Testapi"/>
  <testcase name="f" time="0.019" classname="com.testapi.casev.Testapi"/>
  <testcase name="f" time="0.019" classname="com.testapi.casev.Testapi"/>
  <testcase name="f" time="0.018" classname="com.testapi.casev.Testapi"/>
  <testcase name="f" time="0.023" classname="com.testapi.casev.Testapi"/>
  <testcase name="f" time="0.037" classname="com.testapi.casev.Testapi"/>
</testsuite> <!-- interface -->
