<?xml version="1.0" encoding="UTF-8"?>
<testng-results skipped="0" failed="0" ignored="0" total="14" passed="14">
  <reporter-output>
  </reporter-output>
  <suite name="Default suite" duration-ms="1056" started-at="2018-09-27T06:50:42Z" finished-at="2018-09-27T06:50:43Z">
    <groups>
    </groups>
    <test name="Default test" duration-ms="1056" started-at="2018-09-27T06:50:42Z" finished-at="2018-09-27T06:50:43Z">
      <class name="com.testapi.casev.Testapi">
        <test-method status="PASS" signature="beforeTest()[pri:0, instance:com.testapi.casev.Testapi@77caeb3e]" name="beforeTest" is-config="true" duration-ms="9" started-at="2018-09-27T06:50:42Z" finished-at="2018-09-27T06:50:42Z">
          <reporter-output>
          </reporter-output>
        </test-method> <!-- beforeTest -->
        <test-method status="PASS" signature="f(java.lang.String, java.lang.String, java.lang.String, java.lang.String, java.lang.String)[pri:0, instance:com.testapi.casev.Testapi@77caeb3e]" name="f" duration-ms="107" started-at="2018-09-27T06:50:43Z" data-provider="DP1" finished-at="2018-09-27T06:50:43Z">
          <params>
            <param index="0">
              <value>
                <![CDATA[http://www.tuling123.com]]>
              </value>
            </param>
            <param index="1">
              <value>
                <![CDATA[/openapi/api/v2]]>
              </value>
            </param>
            <param index="2">
              <value>
                <![CDATA[POST]]>
              </value>
            </param>
            <param index="3">
              <value>
                <![CDATA[{'key':'你好！1'}]]>
              </value>
            </param>
            <param index="4">
              <value>
                <![CDATA[4000]]>
              </value>
            </param>
          </params>
          <reporter-output>
          </reporter-output>
        </test-method> <!-- f -->
        <test-method status="PASS" signature="f(java.lang.String, java.lang.String, java.lang.String, java.lang.String, java.lang.String)[pri:0, instance:com.testapi.casev.Testapi@77caeb3e]" name="f" duration-ms="19" started-at="2018-09-27T06:50:43Z" data-provider="DP1" finished-at="2018-09-27T06:50:43Z">
          <params>
            <param index="0">
              <value>
                <![CDATA[http://www.tuling123.com]]>
              </value>
            </param>
            <param index="1">
              <value>
                <![CDATA[/openapi/api/v2]]>
              </value>
            </param>
            <param index="2">
              <value>
                <![CDATA[POST]]>
              </value>
            </param>
            <param index="3">
              <value>
                <![CDATA[{'key':'你好！2'}]]>
              </value>
            </param>
            <param index="4">
              <value>
                <![CDATA[4000]]>
              </value>
            </param>
          </params>
          <reporter-output>
          </reporter-output>
        </test-method> <!-- f -->
        <test-method status="PASS" signature="f(java.lang.String, java.lang.String, java.lang.String, java.lang.String, java.lang.String)[pri:0, instance:com.testapi.casev.Testapi@77caeb3e]" name="f" duration-ms="15" started-at="2018-09-27T06:50:43Z" data-provider="DP1" finished-at="2018-09-27T06:50:43Z">
          <params>
            <param index="0">
              <value>
                <![CDATA[http://www.tuling123.com]]>
              </value>
            </param>
            <param index="1">
              <value>
                <![CDATA[/openapi/api/v2]]>
              </value>
            </param>
            <param index="2">
              <value>
                <![CDATA[POST]]>
              </value>
            </param>
            <param index="3">
              <value>
                <![CDATA[{'key':'你好！3'}]]>
              </value>
            </param>
            <param index="4">
              <value>
                <![CDATA[4000]]>
              </value>
            </param>
          </params>
          <reporter-output>
          </reporter-output>
        </test-method> <!-- f -->
        <test-method status="PASS" signature="f(java.lang.String, java.lang.String, java.lang.String, java.lang.String, java.lang.String)[pri:0, instance:com.testapi.casev.Testapi@77caeb3e]" name="f" duration-ms="13" started-at="2018-09-27T06:50:43Z" data-provider="DP1" finished-at="2018-09-27T06:50:43Z">
          <params>
            <param index="0">
              <value>
                <![CDATA[http://www.tuling123.com]]>
              </value>
            </param>
            <param index="1">
              <value>
                <![CDATA[/openapi/api/v2]]>
              </value>
            </param>
            <param index="2">
              <value>
                <![CDATA[POST]]>
              </value>
            </param>
            <param index="3">
              <value>
                <![CDATA[{'key':'你好！4'}]]>
              </value>
            </param>
            <param index="4">
              <value>
                <![CDATA[4000]]>
              </value>
            </param>
          </params>
          <reporter-output>
          </reporter-output>
        </test-method> <!-- f -->
        <test-method status="PASS" signature="f(java.lang.String, java.lang.String, java.lang.String, java.lang.String, java.lang.String)[pri:0, instance:com.testapi.casev.Testapi@77caeb3e]" name="f" duration-ms="18" started-at="2018-09-27T06:50:43Z" data-provider="DP1" finished-at="2018-09-27T06:50:43Z">
          <params>
            <param index="0">
              <value>
                <![CDATA[http://www.tuling123.com]]>
              </value>
            </param>
            <param index="1">
              <value>
                <![CDATA[/openapi/api/v2]]>
              </value>
            </param>
            <param index="2">
              <value>
                <![CDATA[POST]]>
              </value>
            </param>
            <param index="3">
              <value>
                <![CDATA[{'key':'你好！5'}]]>
              </value>
            </param>
            <param index="4">
              <value>
                <![CDATA[4000]]>
              </value>
            </param>
          </params>
          <reporter-output>
          </reporter-output>
        </test-method> <!-- f -->
        <test-method status="PASS" signature="f(java.lang.String, java.lang.String, java.lang.String, java.lang.String, java.lang.String)[pri:0, instance:com.testapi.casev.Testapi@77caeb3e]" name="f" duration-ms="14" started-at="2018-09-27T06:50:43Z" data-provider="DP1" finished-at="2018-09-27T06:50:43Z">
          <params>
            <param index="0">
              <value>
                <![CDATA[http://www.tuling123.com]]>
              </value>
            </param>
            <param index="1">
              <value>
                <![CDATA[/openapi/api/v2]]>
              </value>
            </param>
            <param index="2">
              <value>
                <![CDATA[POST]]>
              </value>
            </param>
            <param index="3">
              <value>
                <![CDATA[{'key':'你好！6'}]]>
              </value>
            </param>
            <param index="4">
              <value>
                <![CDATA[4000]]>
              </value>
            </param>
          </params>
          <reporter-output>
          </reporter-output>
        </test-method> <!-- f -->
        <test-method status="PASS" signature="f(java.lang.String, java.lang.String, java.lang.String, java.lang.String, java.lang.String)[pri:0, instance:com.testapi.casev.Testapi@77caeb3e]" name="f" duration-ms="15" started-at="2018-09-27T06:50:43Z" data-provider="DP1" finished-at="2018-09-27T06:50:43Z">
          <params>
            <param index="0">
              <value>
                <![CDATA[http://www.tuling123.com]]>
              </value>
            </param>
            <param index="1">
              <value>
                <![CDATA[/openapi/api/v2]]>
              </value>
            </param>
            <param index="2">
              <value>
                <![CDATA[POST]]>
              </value>
            </param>
            <param index="3">
              <value>
                <![CDATA[{'key':'你好！7'}]]>
              </value>
            </param>
            <param index="4">
              <value>
                <![CDATA[4000]]>
              </value>
            </param>
          </params>
          <reporter-output>
          </reporter-output>
        </test-method> <!-- f -->
        <test-method status="PASS" signature="f(java.lang.String, java.lang.String, java.lang.String, java.lang.String, java.lang.String)[pri:0, instance:com.testapi.casev.Testapi@77caeb3e]" name="f" duration-ms="15" started-at="2018-09-27T06:50:43Z" data-provider="DP1" finished-at="2018-09-27T06:50:43Z">
          <params>
            <param index="0">
              <value>
                <![CDATA[http://www.tuling123.com]]>
              </value>
            </param>
            <param index="1">
              <value>
                <![CDATA[/openapi/api/v2]]>
              </value>
            </param>
            <param index="2">
              <value>
                <![CDATA[POST]]>
              </value>
            </param>
            <param index="3">
              <value>
                <![CDATA[{'key':'你好！8'}]]>
              </value>
            </param>
            <param index="4">
              <value>
                <![CDATA[4000]]>
              </value>
            </param>
          </params>
          <reporter-output>
          </reporter-output>
        </test-method> <!-- f -->
        <test-method status="PASS" signature="f(java.lang.String, java.lang.String, java.lang.String, java.lang.String, java.lang.String)[pri:0, instance:com.testapi.casev.Testapi@77caeb3e]" name="f" duration-ms="14" started-at="2018-09-27T06:50:43Z" data-provider="DP1" finished-at="2018-09-27T06:50:43Z">
          <params>
            <param index="0">
              <value>
                <![CDATA[http://www.tuling123.com]]>
              </value>
            </param>
            <param index="1">
              <value>
                <![CDATA[/openapi/api/v2]]>
              </value>
            </param>
            <param index="2">
              <value>
                <![CDATA[POST]]>
              </value>
            </param>
            <param index="3">
              <value>
                <![CDATA[{'key':'你好！9'}]]>
              </value>
            </param>
            <param index="4">
              <value>
                <![CDATA[4000]]>
              </value>
            </param>
          </params>
          <reporter-output>
          </reporter-output>
        </test-method> <!-- f -->
        <test-method status="PASS" signature="f(java.lang.String, java.lang.String, java.lang.String, java.lang.String, java.lang.String)[pri:0, instance:com.testapi.casev.Testapi@77caeb3e]" name="f" duration-ms="13" started-at="2018-09-27T06:50:43Z" data-provider="DP1" finished-at="2018-09-27T06:50:43Z">
          <params>
            <param index="0">
              <value>
                <![CDATA[http://www.tuling123.com]]>
              </value>
            </param>
            <param index="1">
              <value>
                <![CDATA[/openapi/api/v2]]>
              </value>
            </param>
            <param index="2">
              <value>
                <![CDATA[POST]]>
              </value>
            </param>
            <param index="3">
              <value>
                <![CDATA[{'key':'你好！10'}]]>
              </value>
            </param>
            <param index="4">
              <value>
                <![CDATA[4000]]>
              </value>
            </param>
          </params>
          <reporter-output>
          </reporter-output>
        </test-method> <!-- f -->
        <test-method status="PASS" signature="f(java.lang.String, java.lang.String, java.lang.String, java.lang.String, java.lang.String)[pri:0, instance:com.testapi.casev.Testapi@77caeb3e]" name="f" duration-ms="219" started-at="2018-09-27T06:50:43Z" data-provider="DP1" finished-at="2018-09-27T06:50:43Z">
          <params>
            <param index="0">
              <value>
                <![CDATA[http://www.tuling123.com]]>
              </value>
            </param>
            <param index="1">
              <value>
                <![CDATA[/openapi/api/v2]]>
              </value>
            </param>
            <param index="2">
              <value>
                <![CDATA[POST]]>
              </value>
            </param>
            <param index="3">
              <value>
                <![CDATA[{'key':'你好！11'}]]>
              </value>
            </param>
            <param index="4">
              <value>
                <![CDATA[4000]]>
              </value>
            </param>
          </params>
          <reporter-output>
          </reporter-output>
        </test-method> <!-- f -->
        <test-method status="PASS" signature="f(java.lang.String, java.lang.String, java.lang.String, java.lang.String, java.lang.String)[pri:0, instance:com.testapi.casev.Testapi@77caeb3e]" name="f" duration-ms="16" started-at="2018-09-27T06:50:43Z" data-provider="DP1" finished-at="2018-09-27T06:50:43Z">
          <params>
            <param index="0">
              <value>
                <![CDATA[http://www.tuling123.com]]>
              </value>
            </param>
            <param index="1">
              <value>
                <![CDATA[/openapi/api/v2]]>
              </value>
            </param>
            <param index="2">
              <value>
                <![CDATA[POST]]>
              </value>
            </param>
            <param index="3">
              <value>
                <![CDATA[{'key':'你好！12'}]]>
              </value>
            </param>
            <param index="4">
              <value>
                <![CDATA[4000]]>
              </value>
            </param>
          </params>
          <reporter-output>
          </reporter-output>
        </test-method> <!-- f -->
        <test-method status="PASS" signature="f(java.lang.String, java.lang.String, java.lang.String, java.lang.String, java.lang.String)[pri:0, instance:com.testapi.casev.Testapi@77caeb3e]" name="f" duration-ms="15" started-at="2018-09-27T06:50:43Z" data-provider="DP1" finished-at="2018-09-27T06:50:43Z">
          <params>
            <param index="0">
              <value>
                <![CDATA[http://www.tuling123.com]]>
              </value>
            </param>
            <param index="1">
              <value>
                <![CDATA[/openapi/api/v2]]>
              </value>
            </param>
            <param index="2">
              <value>
                <![CDATA[POST]]>
              </value>
            </param>
            <param index="3">
              <value>
                <![CDATA[{'key':'你好！13'}]]>
              </value>
            </param>
            <param index="4">
              <value>
                <![CDATA[4000]]>
              </value>
            </param>
          </params>
          <reporter-output>
          </reporter-output>
        </test-method> <!-- f -->
        <test-method status="PASS" signature="f(java.lang.String, java.lang.String, java.lang.String, java.lang.String, java.lang.String)[pri:0, instance:com.testapi.casev.Testapi@77caeb3e]" name="f" duration-ms="14" started-at="2018-09-27T06:50:43Z" data-provider="DP1" finished-at="2018-09-27T06:50:43Z">
          <params>
            <param index="0">
              <value>
                <![CDATA[http://www.tuling123.com]]>
              </value>
            </param>
            <param index="1">
              <value>
                <![CDATA[/openapi/api/v2]]>
              </value>
            </param>
            <param index="2">
              <value>
                <![CDATA[POST]]>
              </value>
            </param>
            <param index="3">
              <value>
                <![CDATA[{'key':'你好！14'}]]>
              </value>
            </param>
            <param index="4">
              <value>
                <![CDATA[4000]]>
              </value>
            </param>
          </params>
          <reporter-output>
          </reporter-output>
        </test-method> <!-- f -->
        <test-method status="PASS" signature="afterTest()[pri:0, instance:com.testapi.casev.Testapi@77caeb3e]" name="afterTest" is-config="true" duration-ms="0" started-at="2018-09-27T06:50:43Z" finished-at="2018-09-27T06:50:43Z">
          <reporter-output>
          </reporter-output>
        </test-method> <!-- afterTest -->
      </class> <!-- com.testapi.casev.Testapi -->
    </test> <!-- Default test -->
  </suite> <!-- Default suite -->
</testng-results>
