<?xml version="1.0" encoding="UTF-8"?>
<!-- Generated by org.testng.reporters.JUnitXMLReporter -->
<testsuite hostname="USER-JKFMHGFFJS" ignored="0" name="Default test" tests="14" failures="0" timestamp="02 四月 2018 02:03:18 GMT" time="1.39" errors="0">
  <testcase name="f" time="0.356" classname="com.testapi.casev.Testapi"/>
  <testcase name="f" time="0.104" classname="com.testapi.casev.Testapi"/>
  <testcase name="f" time="0.04" classname="com.testapi.casev.Testapi"/>
  <testcase name="f" time="0.029" classname="com.testapi.casev.Testapi"/>
  <testcase name="f" time="0.029" classname="com.testapi.casev.Testapi"/>
  <testcase name="f" time="0.039" classname="com.testapi.casev.Testapi"/>
  <testcase name="f" time="0.04" classname="com.testapi.casev.Testapi"/>
  <testcase name="f" time="0.038" classname="com.testapi.casev.Testapi"/>
  <testcase name="f" time="0.032" classname="com.testapi.casev.Testapi"/>
  <testcase name="f" time="0.034" classname="com.testapi.casev.Testapi"/>
  <testcase name="f" time="0.033" classname="com.testapi.casev.Testapi"/>
  <testcase name="f" time="0.026" classname="com.testapi.casev.Testapi"/>
  <testcase name="f" time="0.064" classname="com.testapi.casev.Testapi"/>
  <testcase name="f" time="0.032" classname="com.testapi.casev.Testapi"/>
</testsuite> <!-- Default test -->
