<?xml version="1.0" encoding="UTF-8"?>
<!-- Generated by org.testng.reporters.JUnitXMLReporter -->
<testsuite hostname="USER-JKFMHGFFJS" ignored="0" name="Default test" tests="14" failures="0" timestamp="27 九月 2018 06:50:43 GMT" time="1.056" errors="0">
  <testcase name="f" time="0.107" classname="com.testapi.casev.Testapi"/>
  <testcase name="f" time="0.019" classname="com.testapi.casev.Testapi"/>
  <testcase name="f" time="0.015" classname="com.testapi.casev.Testapi"/>
  <testcase name="f" time="0.013" classname="com.testapi.casev.Testapi"/>
  <testcase name="f" time="0.018" classname="com.testapi.casev.Testapi"/>
  <testcase name="f" time="0.014" classname="com.testapi.casev.Testapi"/>
  <testcase name="f" time="0.015" classname="com.testapi.casev.Testapi"/>
  <testcase name="f" time="0.015" classname="com.testapi.casev.Testapi"/>
  <testcase name="f" time="0.014" classname="com.testapi.casev.Testapi"/>
  <testcase name="f" time="0.013" classname="com.testapi.casev.Testapi"/>
  <testcase name="f" time="0.219" classname="com.testapi.casev.Testapi"/>
  <testcase name="f" time="0.016" classname="com.testapi.casev.Testapi"/>
  <testcase name="f" time="0.015" classname="com.testapi.casev.Testapi"/>
  <testcase name="f" time="0.014" classname="com.testapi.casev.Testapi"/>
</testsuite> <!-- Default test -->
