<?xml version="1.0" encoding="UTF-8"?>
<!-- Generated by org.testng.reporters.JUnitXMLReporter -->
<testsuite hostname="PC-20160328ZRYD" ignored="0" name="Default test" tests="14" failures="0" timestamp="29 九月 2018 12:03:05 GMT" time="1.17" errors="0">
  <testcase name="f" time="0.171" classname="com.testapi.casev.Testapi"/>
  <testcase name="f" time="0.024" classname="com.testapi.casev.Testapi"/>
  <testcase name="f" time="0.024" classname="com.testapi.casev.Testapi"/>
  <testcase name="f" time="0.018" classname="com.testapi.casev.Testapi"/>
  <testcase name="f" time="0.025" classname="com.testapi.casev.Testapi"/>
  <testcase name="f" time="0.022" classname="com.testapi.casev.Testapi"/>
  <testcase name="f" time="0.027" classname="com.testapi.casev.Testapi"/>
  <testcase name="f" time="0.023" classname="com.testapi.casev.Testapi"/>
  <testcase name="f" time="0.021" classname="com.testapi.casev.Testapi"/>
  <testcase name="f" time="0.018" classname="com.testapi.casev.Testapi"/>
  <testcase name="f" time="0.019" classname="com.testapi.casev.Testapi"/>
  <testcase name="f" time="0.022" classname="com.testapi.casev.Testapi"/>
  <testcase name="f" time="0.019" classname="com.testapi.casev.Testapi"/>
  <testcase name="f" time="0.029" classname="com.testapi.casev.Testapi"/>
</testsuite> <!-- Default test -->
